This is pdfTeX, Version 3.14159265-2.6-1.40.21 (TeX Live 2020/W32TeX) (preloaded format=pdflatex 2020.11.14)  26 NOV 2020 10:17
entering extended mode
 restricted \write18 enabled.
 %&-line parsing enabled.
**00_main.tex
(./00_main.tex
LaTeX2e <2020-10-01> patch level 2
L3 programming layer <2020-10-27> xparse <2020-03-03> (c:/Users/buehl/AppData/R
oaming/TinyTeX/texmf-dist/tex/latex/base/article.cls
Document Class: article 2020/04/10 v1.4m Standard LaTeX document class
(c:/Users/buehl/AppData/Roaming/TinyTeX/texmf-dist/tex/latex/base/size10.clo
File: size10.clo 2020/04/10 v1.4m Standard LaTeX file (size option)
)
\c@part=\count175
\c@section=\count176
\c@subsection=\count177
\c@subsubsection=\count178
\c@paragraph=\count179
\c@subparagraph=\count180
\c@figure=\count181
\c@table=\count182
\abovecaptionskip=\skip47
\belowcaptionskip=\skip48
\bibindent=\dimen138
) (c:/Users/buehl/AppData/Roaming/TinyTeX/texmf-dist/tex/latex/lm/lmodern.sty
Package: lmodern 2009/10/30 v1.6 Latin Modern Fonts
LaTeX Font Info:    Overwriting symbol font `operators' in version `normal'
(Font)                  OT1/cmr/m/n --> OT1/lmr/m/n on input line 22.
LaTeX Font Info:    Overwriting symbol font `letters' in version `normal'
(Font)                  OML/cmm/m/it --> OML/lmm/m/it on input line 23.
LaTeX Font Info:    Overwriting symbol font `symbols' in version `normal'
(Font)                  OMS/cmsy/m/n --> OMS/lmsy/m/n on input line 24.
LaTeX Font Info:    Overwriting symbol font `largesymbols' in version `normal'
(Font)                  OMX/cmex/m/n --> OMX/lmex/m/n on input line 25.
LaTeX Font Info:    Overwriting symbol font `operators' in version `bold'
(Font)                  OT1/cmr/bx/n --> OT1/lmr/bx/n on input line 26.
LaTeX Font Info:    Overwriting symbol font `letters' in version `bold'
(Font)                  OML/cmm/b/it --> OML/lmm/b/it on input line 27.
LaTeX Font Info:    Overwriting symbol font `symbols' in version `bold'
(Font)                  OMS/cmsy/b/n --> OMS/lmsy/b/n on input line 28.
LaTeX Font Info:    Overwriting symbol font `largesymbols' in version `bold'
(Font)                  OMX/cmex/m/n --> OMX/lmex/m/n on input line 29.
LaTeX Font Info:    Overwriting math alphabet `\mathbf' in version `normal'
(Font)                  OT1/cmr/bx/n --> OT1/lmr/bx/n on input line 31.
LaTeX Font Info:    Overwriting math alphabet `\mathsf' in version `normal'
(Font)                  OT1/cmss/m/n --> OT1/lmss/m/n on input line 32.
LaTeX Font Info:    Overwriting math alphabet `\mathit' in version `normal'
(Font)                  OT1/cmr/m/it --> OT1/lmr/m/it on input line 33.
LaTeX Font Info:    Overwriting math alphabet `\mathtt' in version `normal'
(Font)                  OT1/cmtt/m/n --> OT1/lmtt/m/n on input line 34.
LaTeX Font Info:    Overwriting math alphabet `\mathbf' in version `bold'
(Font)                  OT1/cmr/bx/n --> OT1/lmr/bx/n on input line 35.
LaTeX Font Info:    Overwriting math alphabet `\mathsf' in version `bold'
(Font)                  OT1/cmss/bx/n --> OT1/lmss/bx/n on input line 36.
LaTeX Font Info:    Overwriting math alphabet `\mathit' in version `bold'
(Font)                  OT1/cmr/bx/it --> OT1/lmr/bx/it on input line 37.
LaTeX Font Info:    Overwriting math alphabet `\mathtt' in version `bold'
(Font)                  OT1/cmtt/m/n --> OT1/lmtt/m/n on input line 38.
)
(c:/Users/buehl/AppData/Roaming/TinyTeX/texmf-dist/tex/latex/amsfonts/amssymb.s
ty
Package: amssymb 2013/01/14 v3.01 AMS font symbols

(c:/Users/buehl/AppData/Roaming/TinyTeX/texmf-dist/tex/latex/amsfonts/amsfonts.
sty
Package: amsfonts 2013/01/14 v3.01 Basic AMSFonts support
\@emptytoks=\toks15
\symAMSa=\mathgroup4
\symAMSb=\mathgroup5
LaTeX Font Info:    Redeclaring math symbol \hbar on input line 98.
LaTeX Font Info:    Overwriting math alphabet `\mathfrak' in version `bold'
(Font)                  U/euf/m/n --> U/euf/b/n on input line 106.
))
(c:/Users/buehl/AppData/Roaming/TinyTeX/texmf-dist/tex/latex/amsmath/amsmath.st
y
Package: amsmath 2020/09/23 v2.17i AMS math features
\@mathmargin=\skip49
For additional information on amsmath, use the `?' option.

(c:/Users/buehl/AppData/Roaming/TinyTeX/texmf-dist/tex/latex/amsmath/amstext.st
y
Package: amstext 2000/06/29 v2.01 AMS text

(c:/Users/buehl/AppData/Roaming/TinyTeX/texmf-dist/tex/latex/amsmath/amsgen.sty
File: amsgen.sty 1999/11/30 v2.0 generic functions
\@emptytoks=\toks16
\ex@=\dimen139
))
(c:/Users/buehl/AppData/Roaming/TinyTeX/texmf-dist/tex/latex/amsmath/amsbsy.sty
Package: amsbsy 1999/11/29 v1.2d Bold Symbols
\pmbraise@=\dimen140
)
(c:/Users/buehl/AppData/Roaming/TinyTeX/texmf-dist/tex/latex/amsmath/amsopn.sty
Package: amsopn 2016/03/08 v2.02 operator names
)
\inf@bad=\count183
LaTeX Info: Redefining \frac on input line 234.
\uproot@=\count184
\leftroot@=\count185
LaTeX Info: Redefining \overline on input line 399.
\classnum@=\count186
\DOTSCASE@=\count187
LaTeX Info: Redefining \ldots on input line 496.
LaTeX Info: Redefining \dots on input line 499.
LaTeX Info: Redefining \cdots on input line 620.
\Mathstrutbox@=\box47
\strutbox@=\box48
\big@size=\dimen141
LaTeX Font Info:    Redeclaring font encoding OML on input line 743.
LaTeX Font Info:    Redeclaring font encoding OMS on input line 744.
\macc@depth=\count188
\c@MaxMatrixCols=\count189
\dotsspace@=\muskip16
\c@parentequation=\count190
\dspbrk@lvl=\count191
\tag@help=\toks17
\row@=\count192
\column@=\count193
\maxfields@=\count194
\andhelp@=\toks18
\eqnshift@=\dimen142
\alignsep@=\dimen143
\tagshift@=\dimen144
\tagwidth@=\dimen145
\totwidth@=\dimen146
\lineht@=\dimen147
\@envbody=\toks19
\multlinegap=\skip50
\multlinetaggap=\skip51
\mathdisplay@stack=\toks20
LaTeX Info: Redefining \[ on input line 2923.
LaTeX Info: Redefining \] on input line 2924.
)
(c:/Users/buehl/AppData/Roaming/TinyTeX/texmf-dist/tex/generic/iftex/ifxetex.st
y
Package: ifxetex 2019/10/25 v0.7 ifxetex legacy package. Use iftex instead.
(c:/Users/buehl/AppData/Roaming/TinyTeX/texmf-dist/tex/generic/iftex/iftex.sty
Package: iftex 2020/03/06 v1.0d TeX engine tests
))
(c:/Users/buehl/AppData/Roaming/TinyTeX/texmf-dist/tex/generic/iftex/ifluatex.s
ty
Package: ifluatex 2019/10/25 v1.5 ifluatex legacy package. Use iftex instead.
) (c:/Users/buehl/AppData/Roaming/TinyTeX/texmf-dist/tex/latex/base/fontenc.sty
Package: fontenc 2020/08/10 v2.0s Standard LaTeX package
LaTeX Font Info:    Trying to load font information for T1+lmr on input line 11
2.
(c:/Users/buehl/AppData/Roaming/TinyTeX/texmf-dist/tex/latex/lm/t1lmr.fd
File: t1lmr.fd 2009/10/30 v1.6 Font defs for Latin Modern
)) (c:/Users/buehl/AppData/Roaming/TinyTeX/texmf-dist/tex/latex/base/inputenc.s
ty
Package: inputenc 2020/08/01 v1.3d Input encoding file
\inpenc@prehook=\toks21
\inpenc@posthook=\toks22
) (c:/Users/buehl/AppData/Roaming/TinyTeX/texmf-dist/tex/latex/base/textcomp.st
y
Package: textcomp 2020/02/02 v2.0n Standard LaTeX package
) (c:/Users/buehl/AppData/Roaming/TinyTeX/texmf-dist/tex/latex/xcolor/xcolor.st
y
Package: xcolor 2016/05/11 v2.12 LaTeX color extensions (UK)

(c:/Users/buehl/AppData/Roaming/TinyTeX/texmf-dist/tex/latex/graphics-cfg/color
.cfg
File: color.cfg 2016/01/02 v1.6 sample color configuration
)
Package xcolor Info: Driver file: pdftex.def on input line 225.

(c:/Users/buehl/AppData/Roaming/TinyTeX/texmf-dist/tex/latex/graphics-def/pdfte
x.def
File: pdftex.def 2020/10/05 v1.2a Graphics/color driver for pdftex
)
Package xcolor Info: Model `cmy' substituted by `cmy0' on input line 1348.
Package xcolor Info: Model `hsb' substituted by `rgb' on input line 1352.
Package xcolor Info: Model `RGB' extended on input line 1364.
Package xcolor Info: Model `HTML' substituted by `rgb' on input line 1366.
Package xcolor Info: Model `Hsb' substituted by `hsb' on input line 1367.
Package xcolor Info: Model `tHsb' substituted by `hsb' on input line 1368.
Package xcolor Info: Model `HSB' substituted by `hsb' on input line 1369.
Package xcolor Info: Model `Gray' substituted by `gray' on input line 1370.
Package xcolor Info: Model `wave' substituted by `hsb' on input line 1371.

(c:/Users/buehl/AppData/Roaming/TinyTeX/texmf-dist/tex/latex/graphics/dvipsnam.
def
File: dvipsnam.def 2016/06/17 v3.0m Driver-dependent file (DPC,SPQR)
) (c:/Users/buehl/AppData/Roaming/TinyTeX/texmf-dist/tex/latex/xcolor/svgnam.de
f
File: svgnam.def 2016/05/11 v2.12 Predefined colors according to SVG 1.1 (UK)
) (c:/Users/buehl/AppData/Roaming/TinyTeX/texmf-dist/tex/latex/xcolor/x11nam.de
f
File: x11nam.def 2016/05/11 v2.12 Predefined colors according to Unix/X11 (UK)
))
(c:/Users/buehl/AppData/Roaming/TinyTeX/texmf-dist/tex/latex/hyperref/hyperref.
sty
Package: hyperref 2020-05-15 v7.00e Hypertext links for LaTeX

(c:/Users/buehl/AppData/Roaming/TinyTeX/texmf-dist/tex/generic/ltxcmds/ltxcmds.
sty
Package: ltxcmds 2020-05-10 v1.25 LaTeX kernel commands for general use (HO)
)
(c:/Users/buehl/AppData/Roaming/TinyTeX/texmf-dist/tex/generic/pdftexcmds/pdfte
xcmds.sty
Package: pdftexcmds 2020-06-27 v0.33 Utility functions of pdfTeX for LuaTeX (HO
)

(c:/Users/buehl/AppData/Roaming/TinyTeX/texmf-dist/tex/generic/infwarerr/infwar
err.sty
Package: infwarerr 2019/12/03 v1.5 Providing info/warning/error messages (HO)
)
Package pdftexcmds Info: \pdf@primitive is available.
Package pdftexcmds Info: \pdf@ifprimitive is available.
Package pdftexcmds Info: \pdfdraftmode found.
)
(c:/Users/buehl/AppData/Roaming/TinyTeX/texmf-dist/tex/latex/graphics/keyval.st
y
Package: keyval 2014/10/28 v1.15 key=value parser (DPC)
\KV@toks@=\toks23
)
(c:/Users/buehl/AppData/Roaming/TinyTeX/texmf-dist/tex/generic/kvsetkeys/kvsetk
eys.sty
Package: kvsetkeys 2019/12/15 v1.18 Key value parser (HO)
)
(c:/Users/buehl/AppData/Roaming/TinyTeX/texmf-dist/tex/generic/kvdefinekeys/kvd
efinekeys.sty
Package: kvdefinekeys 2019-12-19 v1.6 Define keys (HO)
)
(c:/Users/buehl/AppData/Roaming/TinyTeX/texmf-dist/tex/generic/pdfescape/pdfesc
ape.sty
Package: pdfescape 2019/12/09 v1.15 Implements pdfTeX's escape features (HO)
)
(c:/Users/buehl/AppData/Roaming/TinyTeX/texmf-dist/tex/latex/hycolor/hycolor.st
y
Package: hycolor 2020-01-27 v1.10 Color options for hyperref/bookmark (HO)
)
(c:/Users/buehl/AppData/Roaming/TinyTeX/texmf-dist/tex/latex/letltxmacro/letltx
macro.sty
Package: letltxmacro 2019/12/03 v1.6 Let assignment for LaTeX macros (HO)
)
(c:/Users/buehl/AppData/Roaming/TinyTeX/texmf-dist/tex/latex/auxhook/auxhook.st
y
Package: auxhook 2019-12-17 v1.6 Hooks for auxiliary files (HO)
)
(c:/Users/buehl/AppData/Roaming/TinyTeX/texmf-dist/tex/latex/kvoptions/kvoption
s.sty
Package: kvoptions 2020-10-07 v3.14 Key value format for package options (HO)
)
\@linkdim=\dimen148
\Hy@linkcounter=\count195
\Hy@pagecounter=\count196

(c:/Users/buehl/AppData/Roaming/TinyTeX/texmf-dist/tex/latex/hyperref/pd1enc.de
f
File: pd1enc.def 2020-05-15 v7.00e Hyperref: PDFDocEncoding definition (HO)
Now handling font encoding PD1 ...
... no UTF-8 mapping file for font encoding PD1
)
(c:/Users/buehl/AppData/Roaming/TinyTeX/texmf-dist/tex/generic/intcalc/intcalc.
sty
Package: intcalc 2019/12/15 v1.3 Expandable calculations with integers (HO)
)
(c:/Users/buehl/AppData/Roaming/TinyTeX/texmf-dist/tex/generic/etexcmds/etexcmd
s.sty
Package: etexcmds 2019/12/15 v1.7 Avoid name clashes with e-TeX commands (HO)
)
\Hy@SavedSpaceFactor=\count197
Package hyperref Info: Option `unicode' set `true' on input line 4338.

(c:/Users/buehl/AppData/Roaming/TinyTeX/texmf-dist/tex/latex/hyperref/puenc.def
File: puenc.def 2020-05-15 v7.00e Hyperref: PDF Unicode definition (HO)
Now handling font encoding PU ...
... no UTF-8 mapping file for font encoding PU
)
Package hyperref Info: Hyper figures OFF on input line 4464.
Package hyperref Info: Link nesting OFF on input line 4469.
Package hyperref Info: Hyper index ON on input line 4472.
Package hyperref Info: Plain pages OFF on input line 4479.
Package hyperref Info: Backreferencing OFF on input line 4484.
Package hyperref Info: Implicit mode ON; LaTeX internals redefined.
Package hyperref Info: Bookmarks ON on input line 4717.
\c@Hy@tempcnt=\count198
(c:/Users/buehl/AppData/Roaming/TinyTeX/texmf-dist/tex/latex/url/url.sty
\Urlmuskip=\muskip17
Package: url 2013/09/16  ver 3.4  Verb mode for urls, etc.
)
LaTeX Info: Redefining \url on input line 5076.
\XeTeXLinkMargin=\dimen149

(c:/Users/buehl/AppData/Roaming/TinyTeX/texmf-dist/tex/generic/bitset/bitset.st
y
Package: bitset 2019/12/09 v1.3 Handle bit-vector datatype (HO)

(c:/Users/buehl/AppData/Roaming/TinyTeX/texmf-dist/tex/generic/bigintcalc/bigin
tcalc.sty
Package: bigintcalc 2019/12/15 v1.5 Expandable calculations on big integers (HO
)
))
\Fld@menulength=\count199
\Field@Width=\dimen150
\Fld@charsize=\dimen151
Package hyperref Info: Hyper figures OFF on input line 6347.
Package hyperref Info: Link nesting OFF on input line 6352.
Package hyperref Info: Hyper index ON on input line 6355.
Package hyperref Info: backreferencing OFF on input line 6362.
Package hyperref Info: Link coloring OFF on input line 6367.
Package hyperref Info: Link coloring with OCG OFF on input line 6372.
Package hyperref Info: PDF/A mode OFF on input line 6377.
LaTeX Info: Redefining \ref on input line 6417.
LaTeX Info: Redefining \pageref on input line 6421.

(c:/Users/buehl/AppData/Roaming/TinyTeX/texmf-dist/tex/latex/base/atbegshi-ltx.
sty
Package: atbegshi-ltx 2020/08/17 v1.0a Emulation of the original atbegshi packa
ge
with kernel methods
)
\Hy@abspage=\count266
\c@Item=\count267
\c@Hfootnote=\count268
)
Package hyperref Info: Driver (autodetected): hpdftex.

(c:/Users/buehl/AppData/Roaming/TinyTeX/texmf-dist/tex/latex/hyperref/hpdftex.d
ef
File: hpdftex.def 2020-05-15 v7.00e Hyperref driver for pdfTeX

(c:/Users/buehl/AppData/Roaming/TinyTeX/texmf-dist/tex/latex/base/atveryend-ltx
.sty
Package: atveryend-ltx 2020/08/19 v1.0a Emulation of the original atvery packag
e
with kernel methods
)
\Fld@listcount=\count269
\c@bookmark@seq@number=\count270

(c:/Users/buehl/AppData/Roaming/TinyTeX/texmf-dist/tex/latex/rerunfilecheck/rer
unfilecheck.sty
Package: rerunfilecheck 2019/12/05 v1.9 Rerun checks for auxiliary files (HO)

(c:/Users/buehl/AppData/Roaming/TinyTeX/texmf-dist/tex/generic/uniquecounter/un
iquecounter.sty
Package: uniquecounter 2019/12/15 v1.4 Provide unlimited unique counter (HO)
)
Package uniquecounter Info: New unique counter `rerunfilecheck' on input line 2
86.
)
\Hy@SectionHShift=\skip52
)
Package hyperref Info: Option `colorlinks' set `true' on input line 45.

(c:/Users/buehl/AppData/Roaming/TinyTeX/texmf-dist/tex/latex/geometry/geometry.
sty
Package: geometry 2020/01/02 v5.9 Page Geometry

(c:/Users/buehl/AppData/Roaming/TinyTeX/texmf-dist/tex/generic/iftex/ifvtex.sty
Package: ifvtex 2019/10/25 v1.7 ifvtex legacy package. Use iftex instead.
)
\Gm@cnth=\count271
\Gm@cntv=\count272
\c@Gm@tempcnt=\count273
\Gm@bindingoffset=\dimen152
\Gm@wd@mp=\dimen153
\Gm@odd@mp=\dimen154
\Gm@even@mp=\dimen155
\Gm@layoutwidth=\dimen156
\Gm@layoutheight=\dimen157
\Gm@layouthoffset=\dimen158
\Gm@layoutvoffset=\dimen159
\Gm@dimlist=\toks24
)
(c:/Users/buehl/AppData/Roaming/TinyTeX/texmf-dist/tex/latex/graphics/graphicx.
sty
Package: graphicx 2020/09/09 v1.2b Enhanced LaTeX Graphics (DPC,SPQR)

(c:/Users/buehl/AppData/Roaming/TinyTeX/texmf-dist/tex/latex/graphics/graphics.
sty
Package: graphics 2020/08/30 v1.4c Standard LaTeX Graphics (DPC,SPQR)
(c:/Users/buehl/AppData/Roaming/TinyTeX/texmf-dist/tex/latex/graphics/trig.sty
Package: trig 2016/01/03 v1.10 sin cos tan (DPC)
)
(c:/Users/buehl/AppData/Roaming/TinyTeX/texmf-dist/tex/latex/graphics-cfg/graph
ics.cfg
File: graphics.cfg 2016/06/04 v1.11 sample graphics configuration
)
Package graphics Info: Driver file: pdftex.def on input line 105.
)
\Gin@req@height=\dimen160
\Gin@req@width=\dimen161
)
(c:/Users/buehl/AppData/Roaming/TinyTeX/texmf-dist/tex/latex/pdfpages/pdfpages.
sty
Package: pdfpages 2020/01/28 v0.5q Insert pages of external PDF documents (AM)
(c:/Users/buehl/AppData/Roaming/TinyTeX/texmf-dist/tex/latex/base/ifthen.sty
Package: ifthen 2014/09/29 v1.1c Standard LaTeX ifthen package (DPC)
) (c:/Users/buehl/AppData/Roaming/TinyTeX/texmf-dist/tex/latex/tools/calc.sty
Package: calc 2017/05/25 v4.3 Infix arithmetic (KKT,FJ)
\calc@Acount=\count274
\calc@Bcount=\count275
\calc@Adimen=\dimen162
\calc@Bdimen=\dimen163
\calc@Askip=\skip53
\calc@Bskip=\skip54
LaTeX Info: Redefining \setlength on input line 80.
LaTeX Info: Redefining \addtolength on input line 81.
\calc@Ccount=\count276
\calc@Cskip=\skip55
)
(c:/Users/buehl/AppData/Roaming/TinyTeX/texmf-dist/tex/latex/eso-pic/eso-pic.st
y
Package: eso-pic 2020/10/14 v3.0a eso-pic (RN)
\ESO@tempdima=\dimen164
\ESO@tempdimb=\dimen165
)
\AM@pagewidth=\dimen166
\AM@pageheight=\dimen167

(c:/Users/buehl/AppData/Roaming/TinyTeX/texmf-dist/tex/latex/pdfpages/pppdftex.
def
File: pppdftex.def 2020/01/28 v0.5q Pdfpages driver for pdfTeX (AM)
)
\AM@pagebox=\box49
\AM@global@opts=\toks25
\AM@pagecnt=\count277
\AM@toc@title=\toks26
\c@AM@survey=\count278
\AM@templatesizebox=\box50
)
(c:/Users/buehl/AppData/Roaming/TinyTeX/texmf-dist/tex/latex/booktabs/booktabs.
sty
Package: booktabs 2020/01/12 v1.61803398 Publication quality tables
\heavyrulewidth=\dimen168
\lightrulewidth=\dimen169
\cmidrulewidth=\dimen170
\belowrulesep=\dimen171
\belowbottomsep=\dimen172
\aboverulesep=\dimen173
\abovetopsep=\dimen174
\cmidrulesep=\dimen175
\cmidrulekern=\dimen176
\defaultaddspace=\dimen177
\@cmidla=\count279
\@cmidlb=\count280
\@aboverulesep=\dimen178
\@belowrulesep=\dimen179
\@thisruleclass=\count281
\@lastruleclass=\count282
\@thisrulewidth=\dimen180
)
(c:/Users/buehl/AppData/Roaming/TinyTeX/texmf-dist/tex/latex/tools/longtable.st
y
Package: longtable 2020/01/07 v4.13 Multi-page Table package (DPC)
\LTleft=\skip56
\LTright=\skip57
\LTpre=\skip58
\LTpost=\skip59
\LTchunksize=\count283
\LTcapwidth=\dimen181
\LT@head=\box51
\LT@firsthead=\box52
\LT@foot=\box53
\LT@lastfoot=\box54
\LT@cols=\count284
\LT@rows=\count285
\c@LT@tables=\count286
\c@LT@chunks=\count287
\LT@p@ftn=\toks27
) (c:/Users/buehl/AppData/Roaming/TinyTeX/texmf-dist/tex/latex/tools/array.sty
Package: array 2020/10/01 v2.5c Tabular extension package (FMi)
\col@sep=\dimen182
\ar@mcellbox=\box55
\extrarowheight=\dimen183
\NC@list=\toks28
\extratabsurround=\skip60
\backup@length=\skip61
\ar@cellbox=\box56
)
(c:/Users/buehl/AppData/Roaming/TinyTeX/texmf-dist/tex/latex/multirow/multirow.
sty
Package: multirow 2019/05/31 v2.5 Span multiple rows of a table
\multirow@colwidth=\skip62
\multirow@cntb=\count288
\multirow@dima=\skip63
\bigstrutjot=\dimen184
)
(c:/Users/buehl/AppData/Roaming/TinyTeX/texmf-dist/tex/latex/wrapfig/wrapfig.st
y
\wrapoverhang=\dimen185
\WF@size=\dimen186
\c@WF@wrappedlines=\count289
\WF@box=\box57
\WF@everypar=\toks29
Package: wrapfig 2003/01/31  v 3.6
) (c:/Users/buehl/AppData/Roaming/TinyTeX/texmf-dist/tex/latex/float/float.sty
Package: float 2001/11/08 v1.3d Float enhancements (AL)
\c@float@type=\count290
\float@exts=\toks30
\float@box=\box58
\@float@everytoks=\toks31
\@floatcapt=\box59
)
(c:/Users/buehl/AppData/Roaming/TinyTeX/texmf-dist/tex/latex/colortbl/colortbl.
sty
Package: colortbl 2020/01/04 v1.0e Color table columns (DPC)
\everycr=\toks32
\minrowclearance=\skip64
)
(c:/Users/buehl/AppData/Roaming/TinyTeX/texmf-dist/tex/latex/pdflscape/pdflscap
e.sty
Package: pdflscape 2019/12/05 v0.12 Display of landscape pages in PDF (HO)

(c:/Users/buehl/AppData/Roaming/TinyTeX/texmf-dist/tex/latex/graphics/lscape.st
y
Package: lscape 2020/05/28 v3.02 Landscape Pages (DPC)
)
Package pdflscape Info: Auto-detected driver: pdftex on input line 81.
) (c:/Users/buehl/AppData/Roaming/TinyTeX/texmf-dist/tex/latex/tabu/tabu.sty
Package: tabu 2019/01/11 v2.9 - flexible LaTeX tabulars (FC+tabu-fixed)

(c:/Users/buehl/AppData/Roaming/TinyTeX/texmf-dist/tex/latex/varwidth/varwidth.
sty
Package: varwidth 2009/03/30 ver 0.92;  Variable-width minipages
\@vwid@box=\box60
\sift@deathcycles=\count291
\@vwid@loff=\dimen187
\@vwid@roff=\dimen188
)
\c@taburow=\count292
\tabu@nbcols=\count293
\tabu@cnt=\count294
\tabu@Xcol=\count295
\tabu@alloc=\count296
\tabu@nested=\count297
\tabu@target=\dimen189
\tabu@spreadtarget=\dimen190
\tabu@naturalX=\dimen191
\tabucolX=\dimen192
\tabu@Xsum=\dimen193
\extrarowdepth=\dimen194
\abovetabulinesep=\dimen195
\belowtabulinesep=\dimen196
\tabustrutrule=\dimen197
\tabu@thebody=\toks33
\tabu@footnotes=\toks34
\tabu@box=\box61
\tabu@arstrutbox=\box62
\tabu@hleads=\box63
\tabu@vleads=\box64
\tabu@cellskip=\skip65
)
(c:/Users/buehl/AppData/Roaming/TinyTeX/texmf-dist/tex/latex/threeparttable/thr
eeparttable.sty
Package: threeparttable 2003/06/13  v 3.0
\@tempboxb=\box65
)
(c:/Users/buehl/AppData/Roaming/TinyTeX/texmf-dist/tex/latex/threeparttablex/th
reeparttablex.sty
Package: threeparttablex 2013/07/23 v0.3 by daleif

(c:/Users/buehl/AppData/Roaming/TinyTeX/texmf-dist/tex/latex/environ/environ.st
y
Package: environ 2014/05/04 v0.3 A new way to define environments

(c:/Users/buehl/AppData/Roaming/TinyTeX/texmf-dist/tex/latex/trimspaces/trimspa
ces.sty
Package: trimspaces 2009/09/17 v1.1 Trim spaces around a token list
))
\TPTL@width=\skip66
) (c:/Users/buehl/AppData/Roaming/TinyTeX/texmf-dist/tex/generic/ulem/ulem.sty
\UL@box=\box66
\UL@hyphenbox=\box67
\UL@skip=\skip67
\UL@hook=\toks35
\UL@height=\dimen198
\UL@pe=\count298
\UL@pixel=\dimen199
\ULC@box=\box68
Package: ulem 2019/11/18
\ULdepth=\dimen256
)
(c:/Users/buehl/AppData/Roaming/TinyTeX/texmf-dist/tex/latex/makecell/makecell.
sty
Package: makecell 2009/08/03 V0.1e Managing of Tab Column Heads and Cells
\rotheadsize=\dimen257
\c@nlinenum=\count299
\TeXr@lab=\toks36
)
\cslhangindent=\skip68

(c:/Users/buehl/AppData/Roaming/TinyTeX/texmf-dist/tex/latex/l3backend/l3backen
d-pdftex.def
File: l3backend-pdftex.def 2020-09-24 L3 backend support: PDF output (pdfTeX)
\l__kernel_color_stack_int=\count300
\l__pdf_internal_box=\box69
) (./00_main.aux)
\openout1 = `00_main.aux'.

LaTeX Font Info:    Checking defaults for OML/cmm/m/it on input line 90.
LaTeX Font Info:    ... okay on input line 90.
LaTeX Font Info:    Checking defaults for OMS/cmsy/m/n on input line 90.
LaTeX Font Info:    ... okay on input line 90.
LaTeX Font Info:    Checking defaults for OT1/cmr/m/n on input line 90.
LaTeX Font Info:    ... okay on input line 90.
LaTeX Font Info:    Checking defaults for T1/cmr/m/n on input line 90.
LaTeX Font Info:    ... okay on input line 90.
LaTeX Font Info:    Checking defaults for TS1/cmr/m/n on input line 90.
LaTeX Font Info:    ... okay on input line 90.
LaTeX Font Info:    Checking defaults for OMX/cmex/m/n on input line 90.
LaTeX Font Info:    ... okay on input line 90.
LaTeX Font Info:    Checking defaults for U/cmr/m/n on input line 90.
LaTeX Font Info:    ... okay on input line 90.
LaTeX Font Info:    Checking defaults for PD1/pdf/m/n on input line 90.
LaTeX Font Info:    ... okay on input line 90.
LaTeX Font Info:    Checking defaults for PU/pdf/m/n on input line 90.
LaTeX Font Info:    ... okay on input line 90.

(c:/Users/buehl/AppData/Roaming/TinyTeX/texmf-dist/tex/latex/epstopdf-pkg/epsto
pdf-base.sty
Package: epstopdf-base 2020-01-24 v2.11 Base part for package epstopdf
Package epstopdf-base Info: Redefining graphics rule for `.eps' on input line 4
85.

(c:/Users/buehl/AppData/Roaming/TinyTeX/texmf-dist/tex/latex/latexconfig/epstop
df-sys.cfg
File: epstopdf-sys.cfg 2010/07/13 v1.3 Configuration of (r)epstopdf for TeX Liv
e
))
Package hyperref Info: Link coloring ON on input line 90.

(c:/Users/buehl/AppData/Roaming/TinyTeX/texmf-dist/tex/latex/hyperref/nameref.s
ty
Package: nameref 2019/09/16 v2.46 Cross-referencing by name of section

(c:/Users/buehl/AppData/Roaming/TinyTeX/texmf-dist/tex/latex/refcount/refcount.
sty
Package: refcount 2019/12/15 v3.6 Data extraction from label references (HO)
)
(c:/Users/buehl/AppData/Roaming/TinyTeX/texmf-dist/tex/generic/gettitlestring/g
ettitlestring.sty
Package: gettitlestring 2019/12/15 v1.6 Cleanup title references (HO)
)
\c@section@level=\count301
)
LaTeX Info: Redefining \ref on input line 90.
LaTeX Info: Redefining \pageref on input line 90.
LaTeX Info: Redefining \nameref on input line 90.
(./00_main.out) (./00_main.out)
\@outlinefile=\write3
\openout3 = `00_main.out'.

*geometry* driver: auto-detecting
*geometry* detected driver: pdftex
*geometry* verbose mode - [ preamble ] result:
* driver: pdftex
* paper: <default>
* layout: <same size as paper>
* layoutoffset:(h,v)=(0.0pt,0.0pt)
* modes: 
* h-part:(L,W,R)=(72.26999pt, 469.75502pt, 72.26999pt)
* v-part:(T,H,B)=(72.26999pt, 650.43001pt, 72.26999pt)
* \paperwidth=614.295pt
* \paperheight=794.96999pt
* \textwidth=469.75502pt
* \textheight=650.43001pt
* \oddsidemargin=0.0pt
* \evensidemargin=0.0pt
* \topmargin=-37.0pt
* \headheight=12.0pt
* \headsep=25.0pt
* \topskip=10.0pt
* \footskip=30.0pt
* \marginparwidth=65.0pt
* \marginparsep=11.0pt
* \columnsep=10.0pt
* \skip\footins=9.0pt plus 4.0pt minus 2.0pt
* \hoffset=0.0pt
* \voffset=0.0pt
* \mag=1000
* \@twocolumnfalse
* \@twosidefalse
* \@mparswitchfalse
* \@reversemarginfalse
* (1in=72.27pt=25.4mm, 1cm=28.453pt)

<add/titelblatt.pdf, id=92, 597.23125pt x 845.1575pt>
File: add/titelblatt.pdf Graphic file (type pdf)
<use add/titelblatt.pdf>
Package pdftex.def Info: add/titelblatt.pdf  used on input line 94.
(pdftex.def)             Requested size: 459.64165pt x 650.4509pt.
File: add/titelblatt.pdf Graphic file (type pdf)
<use add/titelblatt.pdf>
Package pdftex.def Info: add/titelblatt.pdf  used on input line 94.
(pdftex.def)             Requested size: 459.64165pt x 650.4509pt.
<add/titelblatt.pdf, id=95, page=1, 597.23125pt x 845.1575pt>
File: add/titelblatt.pdf Graphic file (type pdf)
<use add/titelblatt.pdf, page 1>
Package pdftex.def Info: add/titelblatt.pdf , page1 used on input line 94.
(pdftex.def)             Requested size: 597.22978pt x 845.15544pt.
File: add/titelblatt.pdf Graphic file (type pdf)
<use add/titelblatt.pdf, page 1>
Package pdftex.def Info: add/titelblatt.pdf , page1 used on input line 94.
(pdftex.def)             Requested size: 561.86221pt x 795.10587pt.
File: add/titelblatt.pdf Graphic file (type pdf)
<use add/titelblatt.pdf, page 1>
Package pdftex.def Info: add/titelblatt.pdf , page1 used on input line 94.
(pdftex.def)             Requested size: 561.86221pt x 795.10587pt.
File: add/titelblatt.pdf Graphic file (type pdf)
<use add/titelblatt.pdf, page 1>
Package pdftex.def Info: add/titelblatt.pdf , page1 used on input line 94.
(pdftex.def)             Requested size: 561.86221pt x 795.10587pt.
File: add/titelblatt.pdf Graphic file (type pdf)
<use add/titelblatt.pdf, page 1>
Package pdftex.def Info: add/titelblatt.pdf , page1 used on input line 94.
(pdftex.def)             Requested size: 561.86221pt x 795.10587pt.
[1

 <./add/titelblatt.pdf>]
<add/Erklaerung_BA.pdf, id=153, 597.55246pt x 845.07718pt>
File: add/Erklaerung_BA.pdf Graphic file (type pdf)
<use add/Erklaerung_BA.pdf>
Package pdftex.def Info: add/Erklaerung_BA.pdf  used on input line 95.
(pdftex.def)             Requested size: 459.91621pt x 650.42776pt.
File: add/Erklaerung_BA.pdf Graphic file (type pdf)
<use add/Erklaerung_BA.pdf>
Package pdftex.def Info: add/Erklaerung_BA.pdf  used on input line 95.
(pdftex.def)             Requested size: 459.91621pt x 650.42776pt.
<add/Erklaerung_BA.pdf, id=156, page=1, 597.55246pt x 845.07718pt>
File: add/Erklaerung_BA.pdf Graphic file (type pdf)
<use add/Erklaerung_BA.pdf, page 1>
Package pdftex.def Info: add/Erklaerung_BA.pdf , page1 used on input line 95.
(pdftex.def)             Requested size: 597.551pt x 845.07512pt.
File: add/Erklaerung_BA.pdf Graphic file (type pdf)
<use add/Erklaerung_BA.pdf, page 1>
Package pdftex.def Info: add/Erklaerung_BA.pdf , page1 used on input line 95.
(pdftex.def)             Requested size: 562.1644pt x 795.0303pt.
File: add/Erklaerung_BA.pdf Graphic file (type pdf)
<use add/Erklaerung_BA.pdf, page 1>
Package pdftex.def Info: add/Erklaerung_BA.pdf , page1 used on input line 95.
(pdftex.def)             Requested size: 562.1644pt x 795.0303pt.
File: add/Erklaerung_BA.pdf Graphic file (type pdf)
<use add/Erklaerung_BA.pdf, page 1>
Package pdftex.def Info: add/Erklaerung_BA.pdf , page1 used on input line 95.
(pdftex.def)             Requested size: 562.1644pt x 795.0303pt.
pdfTeX warning (ext4): destination with the same identifier (name{page.}) has b
een already used, duplicate ignored
<to be read again> 
                   \relax 
l.95 \includepdf{add/Erklaerung_BA.pdf}
                                       
File: add/Erklaerung_BA.pdf Graphic file (type pdf)
<use add/Erklaerung_BA.pdf, page 1>
Package pdftex.def Info: add/Erklaerung_BA.pdf , page1 used on input line 95.
(pdftex.def)             Requested size: 562.1644pt x 795.0303pt.
[2 <./add/Erklaerung_BA.pdf>] (./00_main.toc
LaTeX Font Info:    Trying to load font information for OT1+lmr on input line 1
.
(c:/Users/buehl/AppData/Roaming/TinyTeX/texmf-dist/tex/latex/lm/ot1lmr.fd
File: ot1lmr.fd 2009/10/30 v1.6 Font defs for Latin Modern
)
LaTeX Font Info:    Trying to load font information for OML+lmm on input line 1
.
(c:/Users/buehl/AppData/Roaming/TinyTeX/texmf-dist/tex/latex/lm/omllmm.fd
File: omllmm.fd 2009/10/30 v1.6 Font defs for Latin Modern
)
LaTeX Font Info:    Trying to load font information for OMS+lmsy on input line 
1.
(c:/Users/buehl/AppData/Roaming/TinyTeX/texmf-dist/tex/latex/lm/omslmsy.fd
File: omslmsy.fd 2009/10/30 v1.6 Font defs for Latin Modern
)
LaTeX Font Info:    Trying to load font information for OMX+lmex on input line 
1.
(c:/Users/buehl/AppData/Roaming/TinyTeX/texmf-dist/tex/latex/lm/omxlmex.fd
File: omxlmex.fd 2009/10/30 v1.6 Font defs for Latin Modern
)
LaTeX Font Info:    External font `lmex10' loaded for size
(Font)              <10> on input line 1.
LaTeX Font Info:    External font `lmex10' loaded for size
(Font)              <7> on input line 1.
LaTeX Font Info:    External font `lmex10' loaded for size
(Font)              <5> on input line 1.
LaTeX Font Info:    Trying to load font information for U+msa on input line 1.
(c:/Users/buehl/AppData/Roaming/TinyTeX/texmf-dist/tex/latex/amsfonts/umsa.fd
File: umsa.fd 2013/01/14 v3.01 AMS symbols A
)
LaTeX Font Info:    Trying to load font information for U+msb on input line 1.
(c:/Users/buehl/AppData/Roaming/TinyTeX/texmf-dist/tex/latex/amsfonts/umsb.fd
File: umsb.fd 2013/01/14 v3.01 AMS symbols B
))
\tf@toc=\write4
\openout4 = `00_main.toc'.

pdfTeX warning (ext4): destination with the same identifier (name{page.}) has b
een already used, duplicate ignored
<to be read again> 
                   \relax 
l.99 \newpage
              [3{c:/Users/buehl/AppData/Roaming/TinyTeX/texmf-var/fonts/map/pdf
tex/updmap/pdftex.map}]pdfTeX warning (ext4): destination with the same identif
ier (name{page.}) has been already used, duplicate ignored
<to be read again> 
                   \relax 
l.104 \newpage
               [4]

LaTeX Warning: Reference `fig:chap1.1.' on page 1 undefined on input line 129.

<00_main_files/figure-latex/chap1.1-1.pdf, id=216, 469.755pt x 325.215pt>
File: 00_main_files/figure-latex/chap1.1-1.pdf Graphic file (type pdf)
<use 00_main_files/figure-latex/chap1.1-1.pdf>
Package pdftex.def Info: 00_main_files/figure-latex/chap1.1-1.pdf  used on inpu
t line 133.
(pdftex.def)             Requested size: 328.82626pt x 227.64894pt.
[1pdfTeX warning (ext4): destination with the same identifier (name{figure.1}) 
has been already used, duplicate ignored
<argument> ...shipout:D \box_use:N \l_shipout_box 
                                                  
l.147 \newpage
               <./00_main_files/figure-latex/chap1.1-1.pdf>] [2pdfTeX warning (
ext4): destination with the same identifier (name{table.1}) has been already us
ed, duplicate ignored
<argument> ...shipout:D \box_use:N \l_shipout_box 
                                                  
l.214 \newpage
              ]
<00_main_files/figure-latex/chap2.1-1.pdf, id=241, 469.755pt x 325.215pt>
File: 00_main_files/figure-latex/chap2.1-1.pdf Graphic file (type pdf)
<use 00_main_files/figure-latex/chap2.1-1.pdf>
Package pdftex.def Info: 00_main_files/figure-latex/chap2.1-1.pdf  used on inpu
t line 272.
(pdftex.def)             Requested size: 328.82626pt x 227.64894pt.
[3]
<00_main_files/figure-latex/chap2.2-1.pdf, id=260, 469.755pt x 325.215pt>
File: 00_main_files/figure-latex/chap2.2-1.pdf Graphic file (type pdf)
<use 00_main_files/figure-latex/chap2.2-1.pdf>
Package pdftex.def Info: 00_main_files/figure-latex/chap2.2-1.pdf  used on inpu
t line 291.
(pdftex.def)             Requested size: 328.82626pt x 227.64894pt.
<00_main_files/figure-latex/chap2.1.2-1.pdf, id=265, 469.755pt x 325.215pt>
File: 00_main_files/figure-latex/chap2.1.2-1.pdf Graphic file (type pdf)
<use 00_main_files/figure-latex/chap2.1.2-1.pdf>
Package pdftex.def Info: 00_main_files/figure-latex/chap2.1.2-1.pdf  used on in
put line 339.
(pdftex.def)             Requested size: 328.82626pt x 227.64894pt.
[4pdfTeX warning (ext4): destination with the same identifier (name{figure.2}) 
has been already used, duplicate ignored
<argument> ...shipout:D \box_use:N \l_shipout_box 
                                                  
l.346 \newpage
               <./00_main_files/figure-latex/chap2.1-1.pdf>] [5pdfTeX warning (
ext4): destination with the same identifier (name{figure.3}) has been already u
sed, duplicate ignored
<argument> ...shipout:D \box_use:N \l_shipout_box 
                                                  
l.346 \newpage
              pdfTeX warning (ext4): destination with the same identifier (name
{figure.4}) has been already used, duplicate ignored
<argument> ...shipout:D \box_use:N \l_shipout_box 
                                                  
l.346 \newpage
               <./00_main_files/figure-latex/chap2.2-1.pdf> <./00_main_files/fi
gure-latex/chap2.1.2-1.pdf>]
LaTeX Font Info:    Trying to load font information for TS1+lmr on input line 3
70.
(c:/Users/buehl/AppData/Roaming/TinyTeX/texmf-dist/tex/latex/lm/ts1lmr.fd
File: ts1lmr.fd 2009/10/30 v1.6 Font defs for Latin Modern
) [6]
<00_main_files/figure-latex/chap2.2.1_1-1.pdf, id=310, 469.755pt x 325.215pt>
File: 00_main_files/figure-latex/chap2.2.1_1-1.pdf Graphic file (type pdf)
<use 00_main_files/figure-latex/chap2.2.1_1-1.pdf>
Package pdftex.def Info: 00_main_files/figure-latex/chap2.2.1_1-1.pdf  used on 
input line 423.
(pdftex.def)             Requested size: 328.82626pt x 227.64894pt.
[7pdfTeX warning (ext4): destination with the same identifier (name{figure.5}) 
has been already used, duplicate ignored
<argument> ...shipout:D \box_use:N \l_shipout_box 
                                                  
l.437 \newpage
               <./00_main_files/figure-latex/chap2.2.1_1-1.pdf>]
<00_main_files/figure-latex/chap2.2.1_2-1.pdf, id=324, 469.755pt x 325.215pt>
File: 00_main_files/figure-latex/chap2.2.1_2-1.pdf Graphic file (type pdf)
<use 00_main_files/figure-latex/chap2.2.1_2-1.pdf>
Package pdftex.def Info: 00_main_files/figure-latex/chap2.2.1_2-1.pdf  used on 
input line 441.
(pdftex.def)             Requested size: 328.82626pt x 227.64894pt.
[8pdfTeX warning (ext4): destination with the same identifier (name{figure.6}) 
has been already used, duplicate ignored
<argument> ...shipout:D \box_use:N \l_shipout_box 
                                                  
l.498 
       <./00_main_files/figure-latex/chap2.2.1_2-1.pdf>] [9pdfTeX warning (ext4
): destination with the same identifier (name{table.2}) has been already used, 
duplicate ignored
<argument> ...shipout:D \box_use:N \l_shipout_box 
                                                  
l.554 \newpage
              ]
<00_main_files/figure-latex/chap2.2.2-1.pdf, id=355, 469.755pt x 325.215pt>
File: 00_main_files/figure-latex/chap2.2.2-1.pdf Graphic file (type pdf)
<use 00_main_files/figure-latex/chap2.2.2-1.pdf>
Package pdftex.def Info: 00_main_files/figure-latex/chap2.2.2-1.pdf  used on in
put line 569.
(pdftex.def)             Requested size: 328.82626pt x 227.64894pt.
[10pdfTeX warning (ext4): destination with the same identifier (name{figure.7})
 has been already used, duplicate ignored
<argument> ...shipout:D \box_use:N \l_shipout_box 
                                                  
l.613 b
       la bla blublibli <./00_main_files/figure-latex/chap2.2.2-1.pdf>]
<00_main_files/figure-latex/chap2.2.3-1.pdf, id=368, 469.755pt x 325.215pt>
File: 00_main_files/figure-latex/chap2.2.3-1.pdf Graphic file (type pdf)
<use 00_main_files/figure-latex/chap2.2.3-1.pdf>
Package pdftex.def Info: 00_main_files/figure-latex/chap2.2.3-1.pdf  used on in
put line 617.
(pdftex.def)             Requested size: 328.82626pt x 227.64894pt.
[11pdfTeX warning (ext4): destination with the same identifier (name{figure.8})
 has been already used, duplicate ignored
<argument> ...shipout:D \box_use:N \l_shipout_box 
                                                  
l.646 \newpage
               <./00_main_files/figure-latex/chap2.2.3-1.pdf>] [12]
<00_main_files/figure-latex/chap2.3.1.1 -1.pdf, id=393, 469.755pt x 325.215pt>
File: 00_main_files/figure-latex/chap2.3.1.1 -1.pdf Graphic file (type pdf)
<use 00_main_files/figure-latex/chap2.3.1.1 -1.pdf>
Package pdftex.def Info: 00_main_files/figure-latex/chap2.3.1.1 -1.pdf  used on
 input line 716.
(pdftex.def)             Requested size: 328.82626pt x 227.64894pt.
[13 <./00_main_files/figure-latex/chap2.3.1.1 -1.pdf>]
<00_main_files/figure-latex/chap2.3.3 -1.pdf, id=410, 469.755pt x 325.215pt>
File: 00_main_files/figure-latex/chap2.3.3 -1.pdf Graphic file (type pdf)
<use 00_main_files/figure-latex/chap2.3.3 -1.pdf>
Package pdftex.def Info: 00_main_files/figure-latex/chap2.3.3 -1.pdf  used on i
nput line 778.
(pdftex.def)             Requested size: 328.82626pt x 227.64894pt.
[14 <./00_main_files/figure-latex/chap2.3.3 -1.pdf>] [15]
<00_main_files/figure-latex/chap2.8 -1.pdf, id=437, 469.755pt x 325.215pt>
File: 00_main_files/figure-latex/chap2.8 -1.pdf Graphic file (type pdf)
<use 00_main_files/figure-latex/chap2.8 -1.pdf>
Package pdftex.def Info: 00_main_files/figure-latex/chap2.8 -1.pdf  used on inp
ut line 865.
(pdftex.def)             Requested size: 328.82626pt x 227.64894pt.
[16 <./00_main_files/figure-latex/chap2.8 -1.pdf>]
<00_main_files/figure-latex/chap2.9-1.pdf, id=453, 469.755pt x 325.215pt>
File: 00_main_files/figure-latex/chap2.9-1.pdf Graphic file (type pdf)
<use 00_main_files/figure-latex/chap2.9-1.pdf>
Package pdftex.def Info: 00_main_files/figure-latex/chap2.9-1.pdf  used on inpu
t line 910.
(pdftex.def)             Requested size: 328.82626pt x 227.64894pt.
[17 <./00_main_files/figure-latex/chap2.9-1.pdf>]

LaTeX Warning: Reference `fig:chap1.1.3.' on page 18 undefined on input line 97
8.

<00_main_files/figure-latex/chap 3.1.2-1.pdf, id=472, 1084.05pt x 1445.4pt>
File: 00_main_files/figure-latex/chap 3.1.2-1.pdf Graphic file (type pdf)
<use 00_main_files/figure-latex/chap 3.1.2-1.pdf>
Package pdftex.def Info: 00_main_files/figure-latex/chap 3.1.2-1.pdf  used on i
nput line 982.
(pdftex.def)             Requested size: 328.8235pt x 438.43134pt.
<00_main_files/figure-latex/chap3.2 ma crossover-1.pdf, id=473, 469.755pt x 325
.215pt>
File: 00_main_files/figure-latex/chap3.2 ma crossover-1.pdf Graphic file (type 
pdf)
<use 00_main_files/figure-latex/chap3.2 ma crossover-1.pdf>
Package pdftex.def Info: 00_main_files/figure-latex/chap3.2 ma crossover-1.pdf 
 used on input line 997.
(pdftex.def)             Requested size: 328.82626pt x 227.64894pt.
<00_main_files/figure-latex/chap3.2 ma crossover-2.pdf, id=474, 469.755pt x 325
.215pt>
File: 00_main_files/figure-latex/chap3.2 ma crossover-2.pdf Graphic file (type 
pdf)
<use 00_main_files/figure-latex/chap3.2 ma crossover-2.pdf>
Package pdftex.def Info: 00_main_files/figure-latex/chap3.2 ma crossover-2.pdf 
 used on input line 1005.
(pdftex.def)             Requested size: 328.82626pt x 227.64894pt.
<00_main_files/figure-latex/chap3.2 ma crossover-3.pdf, id=475, 469.755pt x 325
.215pt>
File: 00_main_files/figure-latex/chap3.2 ma crossover-3.pdf Graphic file (type 
pdf)
<use 00_main_files/figure-latex/chap3.2 ma crossover-3.pdf>
Package pdftex.def Info: 00_main_files/figure-latex/chap3.2 ma crossover-3.pdf 
 used on input line 1013.
(pdftex.def)             Requested size: 328.82626pt x 227.64894pt.
<00_main_files/figure-latex/chap3.2 ma crossover-4.pdf, id=476, 469.755pt x 325
.215pt>
File: 00_main_files/figure-latex/chap3.2 ma crossover-4.pdf Graphic file (type 
pdf)
<use 00_main_files/figure-latex/chap3.2 ma crossover-4.pdf>
Package pdftex.def Info: 00_main_files/figure-latex/chap3.2 ma crossover-4.pdf 
 used on input line 1021.
(pdftex.def)             Requested size: 328.82626pt x 227.64894pt.
LaTeX Font Info:    Trying to load font information for T1+lmtt on input line 1
028.
(c:/Users/buehl/AppData/Roaming/TinyTeX/texmf-dist/tex/latex/lm/t1lmtt.fd
File: t1lmtt.fd 2009/10/30 v1.6 Font defs for Latin Modern
)
<00_main_files/figure-latex/chap3.2 ma crossover-5.pdf, id=477, 469.755pt x 325
.215pt>
File: 00_main_files/figure-latex/chap3.2 ma crossover-5.pdf Graphic file (type 
pdf)
<use 00_main_files/figure-latex/chap3.2 ma crossover-5.pdf>
Package pdftex.def Info: 00_main_files/figure-latex/chap3.2 ma crossover-5.pdf 
 used on input line 1034.
(pdftex.def)             Requested size: 328.82626pt x 227.64894pt.
<00_main_files/figure-latex/chap3.2 ma crossover-6.pdf, id=478, 469.755pt x 325
.215pt>
File: 00_main_files/figure-latex/chap3.2 ma crossover-6.pdf Graphic file (type 
pdf)
<use 00_main_files/figure-latex/chap3.2 ma crossover-6.pdf>
Package pdftex.def Info: 00_main_files/figure-latex/chap3.2 ma crossover-6.pdf 
 used on input line 1042.
(pdftex.def)             Requested size: 328.82626pt x 227.64894pt.
<00_main_files/figure-latex/chap3.2 ma crossover-7.pdf, id=479, 469.755pt x 325
.215pt>
File: 00_main_files/figure-latex/chap3.2 ma crossover-7.pdf Graphic file (type 
pdf)
<use 00_main_files/figure-latex/chap3.2 ma crossover-7.pdf>
Package pdftex.def Info: 00_main_files/figure-latex/chap3.2 ma crossover-7.pdf 
 used on input line 1050.
(pdftex.def)             Requested size: 328.82626pt x 227.64894pt.
<00_main_files/figure-latex/chap3.2 ma crossover-8.pdf, id=480, 469.755pt x 325
.215pt>
File: 00_main_files/figure-latex/chap3.2 ma crossover-8.pdf Graphic file (type 
pdf)
<use 00_main_files/figure-latex/chap3.2 ma crossover-8.pdf>
Package pdftex.def Info: 00_main_files/figure-latex/chap3.2 ma crossover-8.pdf 
 used on input line 1058.
(pdftex.def)             Requested size: 328.82626pt x 227.64894pt.
[18pdfTeX warning (ext4): destination with the same identifier (name{table.3}) 
has been already used, duplicate ignored
<argument> ...shipout:D \box_use:N \l_shipout_box 
                                                  
l.1065 \newpage
               ] [19pdfTeX warning (ext4): destination with the same identifier
 (name{figure.9}) has been already used, duplicate ignored
<argument> ...shipout:D \box_use:N \l_shipout_box 
                                                  
l.1065 \newpage
                <./00_main_files/figure-latex/chap 3.1.2-1.pdf>] [20pdfTeX warn
ing (ext4): destination with the same identifier (name{figure.10}) has been alr
eady used, duplicate ignored
<argument> ...shipout:D \box_use:N \l_shipout_box 
                                                  
l.1065 \newpage
               pdfTeX warning (ext4): destination with the same identifier (nam
e{figure.11}) has been already used, duplicate ignored
<argument> ...shipout:D \box_use:N \l_shipout_box 
                                                  
l.1065 \newpage
                <./00_main_files/figure-latex/chap3.2 ma crossover-1.pdf> <./00
_main_files/figure-latex/chap3.2 ma crossover-2.pdf>] [21pdfTeX warning (ext4):
 destination with the same identifier (name{figure.12}) has been already used, 
duplicate ignored
<argument> ...shipout:D \box_use:N \l_shipout_box 
                                                  
l.1065 \newpage
               pdfTeX warning (ext4): destination with the same identifier (nam
e{figure.13}) has been already used, duplicate ignored
<argument> ...shipout:D \box_use:N \l_shipout_box 
                                                  
l.1065 \newpage
                <./00_main_files/figure-latex/chap3.2 ma crossover-3.pdf> <./00
_main_files/figure-latex/chap3.2 ma crossover-4.pdf>] [22pdfTeX warning (ext4):
 destination with the same identifier (name{figure.14}) has been already used, 
duplicate ignored
<argument> ...shipout:D \box_use:N \l_shipout_box 
                                                  
l.1065 \newpage
               pdfTeX warning (ext4): destination with the same identifier (nam
e{figure.15}) has been already used, duplicate ignored
<argument> ...shipout:D \box_use:N \l_shipout_box 
                                                  
l.1065 \newpage
                <./00_main_files/figure-latex/chap3.2 ma crossover-5.pdf> <./00
_main_files/figure-latex/chap3.2 ma crossover-6.pdf>] [23pdfTeX warning (ext4):
 destination with the same identifier (name{figure.16}) has been already used, 
duplicate ignored
<argument> ...shipout:D \box_use:N \l_shipout_box 
                                                  
l.1065 \newpage
               pdfTeX warning (ext4): destination with the same identifier (nam
e{figure.17}) has been already used, duplicate ignored
<argument> ...shipout:D \box_use:N \l_shipout_box 
                                                  
l.1065 \newpage
                <./00_main_files/figure-latex/chap3.2 ma crossover-7.pdf> <./00
_main_files/figure-latex/chap3.2 ma crossover-8.pdf>] [24]
Underfull \hbox (badness 10000) in paragraph at lines 1090--1095
\T1/lmr/m/n/10 towardsdatascience . com / identifying -[] ar -[] and -[] ma -[]
 terms -[] using -[] acf -[] and -[] pacf -[] plots -[] in -[] time -[] series 
-[] forecasting -[]
 []

[25] [26] (./00_main.aux)
Package rerunfilecheck Info: File `00_main.out' has not changed.
(rerunfilecheck)             Checksum: FDB8ED2A570B0A9C1442708A46946F6C;3232.

LaTeX Warning: There were undefined references.

 ) 
Here is how much of TeX's memory you used:
 13159 strings out of 481466
 196913 string characters out of 5920169
 501973 words of memory out of 5000000
 29437 multiletter control sequences out of 15000+600000
 570375 words of font info for 55 fonts, out of 8000000 for 9000
 14 hyphenation exceptions out of 8191
 66i,17n,77p,317b,450s stack positions out of 5000i,500n,10000p,200000b,80000s
pdfTeX warning (dest): name{EMA} has been referenced but does not exist, repl
aced by a fixed one

pdfTeX warning (dest): name{GARCH} has been referenced but does not exist, repl
aced by a fixed one

{c:/Users/buehl/AppData/Roaming/TinyTeX/texmf-dist/fonts/enc/dvips/lm/lm-ec.enc
}{c:/Users/buehl/AppData/Roaming/TinyTeX/texmf-dist/fonts/enc/dvips/lm/lm-rm.en
c}{c:/Users/buehl/AppData/Roaming/TinyTeX/texmf-dist/fonts/enc/dvips/lm/lm-math
ex.enc}{c:/Users/buehl/AppData/Roaming/TinyTeX/texmf-dist/fonts/enc/dvips/lm/lm
-ts1.enc}{c:/Users/buehl/AppData/Roaming/TinyTeX/texmf-dist/fonts/enc/dvips/lm/
lm-mathsy.enc}{c:/Users/buehl/AppData/Roaming/TinyTeX/texmf-dist/fonts/enc/dvip
s/lm/lm-mathit.enc}<c:/Users/buehl/AppData/Roaming/TinyTeX/texmf-dist/fonts/typ
e1/public/lm/lmbx10.pfb><c:/Users/buehl/AppData/Roaming/TinyTeX/texmf-dist/font
s/type1/public/lm/lmbx12.pfb><c:/Users/buehl/AppData/Roaming/TinyTeX/texmf-dist
/fonts/type1/public/lm/lmex10.pfb><c:/Users/buehl/AppData/Roaming/TinyTeX/texmf
-dist/fonts/type1/public/lm/lmmi10.pfb><c:/Users/buehl/AppData/Roaming/TinyTeX/
texmf-dist/fonts/type1/public/lm/lmmi7.pfb><c:/Users/buehl/AppData/Roaming/Tiny
TeX/texmf-dist/fonts/type1/public/lm/lmr10.pfb><c:/Users/buehl/AppData/Roaming/
TinyTeX/texmf-dist/fonts/type1/public/lm/lmr5.pfb><c:/Users/buehl/AppData/Roami
ng/TinyTeX/texmf-dist/fonts/type1/public/lm/lmr7.pfb><c:/Users/buehl/AppData/Ro
aming/TinyTeX/texmf-dist/fonts/type1/public/lm/lmri10.pfb><c:/Users/buehl/AppDa
ta/Roaming/TinyTeX/texmf-dist/fonts/type1/public/lm/lmsy10.pfb><c:/Users/buehl/
AppData/Roaming/TinyTeX/texmf-dist/fonts/type1/public/lm/lmsy7.pfb><c:/Users/bu
ehl/AppData/Roaming/TinyTeX/texmf-dist/fonts/type1/public/lm/lmtt10.pfb>
Output written on 00_main.pdf (30 pages, 914846 bytes).
PDF statistics:
 683 PDF objects out of 1000 (max. 8388607)
 563 compressed objects within 6 object streams
 142 named destinations out of 1000 (max. 500000)
 322 words of extra memory for PDF output out of 10000 (max. 10000000)

